mode: set
upf/src/lib-cbb/oam/logger.go:10.23,13.2 2 0
upf/src/lib-cbb/oam/logger.go:15.24,18.2 2 0
upf/src/cp-core/dryrun_logic.go:4.33,5.15 1 1
upf/src/cp-core/dryrun_logic.go:5.15,7.3 1 1
upf/src/cp-core/dryrun_logic.go:8.2,8.10 1 1
upf/src/cp-core/gtpu_ext.go:5.56,6.22 1 0
upf/src/cp-core/gtpu_ext.go:6.22,8.3 1 0
upf/src/cp-core/gtpu_ext.go:10.2,11.17 2 0
upf/src/cp-core/pfcp_session.go:17.67,18.41 1 1
upf/src/cp-core/pfcp_session.go:18.41,21.3 2 1
upf/src/cp-core/pfcp_session.go:22.2,23.12 2 1
upf/src/cp-core/n4/heartbeat.go:24.84,26.12 2 0
upf/src/cp-core/n4/heartbeat.go:26.12,30.18 3 0
upf/src/cp-core/n4/heartbeat.go:30.18,31.11 1 0
upf/src/cp-core/n4/heartbeat.go:32.20,34.45 2 0
upf/src/cp-core/n4/heartbeat.go:40.50,44.2 2 0
upf/src/cp-core/n4/heartbeat.go:47.88,49.44 1 0
upf/src/cp-core/n4/heartbeat.go:49.44,58.40 3 0
upf/src/cp-core/n4/heartbeat.go:58.40,62.4 3 0
upf/src/cp-core/n4/heartbeat.go:63.8,66.3 1 0
upf/src/cp-core/n4/heartbeat.go:69.44,73.2 3 0
upf/src/cp-core/n4/node_mgmt.go:27.45,31.2 2 1
